# JRE version: OpenJDK Runtime Environment Temurin-21.0.10+7 (21.0.10+7) (build 21.0.10+7-LTS)
# Java VM: OpenJDK 64-Bit Server VM Temurin-21.0.10+7 (21.0.10+7-LTS, mixed mode, sharing, tiered, compressed oops, compressed class ptrs, g1 gc, windows-amd64)
GC Precious Log:
 CardTable entry size: 512
 Card Set container configuration: InlinePtr #cards 5 size 8 Array Of Cards #cards 12 size 40 Howl #buckets 4 coarsen threshold 1843 Howl Bitmap #cards 512 size 80 coarsen threshold 460 Card regions per heap region 1 cards per card region 2048
 CPUs: 8 total, 8 available
 Memory: 8030M
 Large Page Support: Disabled
 NUMA Support: Disabled
 Compressed Oops: Enabled (32-bit)
 Heap Region Size: 1M
 Heap Min Capacity: 8M
 Heap Initial Capacity: 126M
 Heap Max Capacity: 2G
 Pre-touch: Disabled
 Parallel Workers: 8
 Concurrent Workers: 2
 Concurrent Refinement Workers: 8
 Periodic GC: Disabled
Heap:
 garbage-first heap   total 524288K, used 353280K [0x0000000080000000, 0x0000000100000000)
  region size 1024K, 62 young (63488K), 23 survivors (23552K)
 Metaspace       used 195651K, committed 198912K, reserved 622592K
  class space    used 25690K, committed 27328K, reserved 425984K
GC Heap History (20 events):
Event: 134.383 GC heap before
{Heap before GC invocations=69 (full 0):
 garbage-first heap   total 409600K, used 342158K [0x0000000080000000, 0x0000000100000000)
  region size 1024K, 105 young (107520K), 16 survivors (16384K)
 Metaspace       used 151742K, committed 154752K, reserved 622592K
  class space    used 20951K, committed 22464K, reserved 425984K
}
Event: 134.411 GC heap after
{Heap after GC invocations=70 (full 0):
 garbage-first heap   total 409600K, used 260217K [0x0000000080000000, 0x0000000100000000)
  region size 1024K, 17 young (17408K), 17 survivors (17408K)
 Metaspace       used 151742K, committed 154752K, reserved 622592K
  class space    used 20951K, committed 22464K, reserved 425984K
}
Event: 140.595 GC heap before
{Heap before GC invocations=71 (full 0):
 garbage-first heap   total 437248K, used 372857K [0x0000000080000000, 0x0000000100000000)
  region size 1024K, 125 young (128000K), 17 survivors (17408K)
 Metaspace       used 165090K, committed 168192K, reserved 622592K
  class space    used 22285K, committed 23808K, reserved 425984K
}
Event: 140.621 GC heap after
{Heap after GC invocations=72 (full 0):
 garbage-first heap   total 437248K, used 270336K [0x0000000080000000, 0x0000000100000000)
  region size 1024K, 9 young (9216K), 9 survivors (9216K)
 Metaspace       used 165090K, committed 168192K, reserved 622592K
  class space    used 22285K, committed 23808K, reserved 425984K
}
Event: 146.263 GC heap before
{Heap before GC invocations=72 (full 0):
 garbage-first heap   total 437248K, used 395264K [0x0000000080000000, 0x0000000100000000)
  region size 1024K, 131 young (134144K), 9 survivors (9216K)
 Metaspace       used 172151K, committed 175168K, reserved 622592K
  class space    used 22947K, committed 24448K, reserved 425984K
}
Event: 146.291 GC heap after
{Heap after GC invocations=73 (full 0):
 garbage-first heap   total 437248K, used 277837K [0x0000000080000000, 0x0000000100000000)
  region size 1024K, 17 young (17408K), 17 survivors (17408K)
 Metaspace       used 172151K, committed 175168K, reserved 622592K
  class space    used 22947K, committed 24448K, reserved 425984K
}
Event: 150.279 GC heap before
{Heap before GC invocations=73 (full 0):
 garbage-first heap   total 437248K, used 399693K [0x0000000080000000, 0x0000000100000000)
  region size 1024K, 137 young (140288K), 17 survivors (17408K)
 Metaspace       used 172265K, committed 175360K, reserved 622592K
  class space    used 22960K, committed 24512K, reserved 425984K
}
Event: 150.304 GC heap after
{Heap after GC invocations=74 (full 0):
 garbage-first heap   total 437248K, used 284959K [0x0000000080000000, 0x0000000100000000)
  region size 1024K, 8 young (8192K), 8 survivors (8192K)
 Metaspace       used 172265K, committed 175360K, reserved 622592K
  class space    used 22960K, committed 24512K, reserved 425984K
}
Event: 158.042 GC heap before
{Heap before GC invocations=75 (full 0):
 garbage-first heap   total 476160K, used 406815K [0x0000000080000000, 0x0000000100000000)
  region size 1024K, 125 young (128000K), 8 survivors (8192K)
 Metaspace       used 172390K, committed 175488K, reserved 622592K
  class space    used 22960K, committed 24512K, reserved 425984K
}
Event: 158.055 GC heap after
{Heap after GC invocations=76 (full 0):
 garbage-first heap   total 476160K, used 286216K [0x0000000080000000, 0x0000000100000000)
  region size 1024K, 10 young (10240K), 10 survivors (10240K)
 Metaspace       used 172390K, committed 175488K, reserved 622592K
  class space    used 22960K, committed 24512K, reserved 425984K
}
Event: 162.968 GC heap before
{Heap before GC invocations=76 (full 0):
 garbage-first heap   total 476160K, used 453128K [0x0000000080000000, 0x0000000100000000)
  region size 1024K, 165 young (168960K), 10 survivors (10240K)
 Metaspace       used 173793K, committed 176896K, reserved 622592K
  class space    used 22992K, committed 24512K, reserved 425984K
}
Event: 162.984 GC heap after
{Heap after GC invocations=77 (full 0):
 garbage-first heap   total 476160K, used 279245K [0x0000000080000000, 0x0000000100000000)
  region size 1024K, 13 young (13312K), 13 survivors (13312K)
 Metaspace       used 173793K, committed 176896K, reserved 622592K
  class space    used 22992K, committed 24512K, reserved 425984K
}
Event: 231.097 GC heap before
{Heap before GC invocations=77 (full 0):
 garbage-first heap   total 476160K, used 448205K [0x0000000080000000, 0x0000000100000000)
  region size 1024K, 179 young (183296K), 13 survivors (13312K)
 Metaspace       used 183945K, committed 187072K, reserved 622592K
  class space    used 24203K, committed 25728K, reserved 425984K
}
Event: 231.126 GC heap after
{Heap after GC invocations=78 (full 0):
 garbage-first heap   total 476160K, used 287254K [0x0000000080000000, 0x0000000100000000)
  region size 1024K, 16 young (16384K), 16 survivors (16384K)
 Metaspace       used 183945K, committed 187072K, reserved 622592K
  class space    used 24203K, committed 25728K, reserved 425984K
}
Event: 532.403 GC heap before
{Heap before GC invocations=79 (full 0):
 garbage-first heap   total 476160K, used 443926K [0x0000000080000000, 0x0000000100000000)
  region size 1024K, 173 young (177152K), 16 survivors (16384K)
 Metaspace       used 184873K, committed 187968K, reserved 622592K
  class space    used 24243K, committed 25728K, reserved 425984K
}
Event: 532.501 GC heap after
{Heap after GC invocations=80 (full 0):
 garbage-first heap   total 476160K, used 284782K [0x0000000080000000, 0x0000000100000000)
  region size 1024K, 12 young (12288K), 12 survivors (12288K)
 Metaspace       used 184873K, committed 187968K, reserved 622592K
  class space    used 24243K, committed 25728K, reserved 425984K
}
Event: 568.687 GC heap before
{Heap before GC invocations=80 (full 0):
 garbage-first heap   total 476160K, used 451694K [0x0000000080000000, 0x0000000100000000)
  region size 1024K, 174 young (178176K), 12 survivors (12288K)
 Metaspace       used 193029K, committed 196160K, reserved 622592K
  class space    used 25337K, committed 26880K, reserved 425984K
}
Event: 568.776 GC heap after
{Heap after GC invocations=81 (full 0):
 garbage-first heap   total 477184K, used 286093K [0x0000000080000000, 0x0000000100000000)
  region size 1024K, 21 young (21504K), 21 survivors (21504K)
 Metaspace       used 193029K, committed 196160K, reserved 622592K
  class space    used 25337K, committed 26880K, reserved 425984K
}
Event: 579.400 GC heap before
{Heap before GC invocations=81 (full 0):
 garbage-first heap   total 477184K, used 440717K [0x0000000080000000, 0x0000000100000000)
  region size 1024K, 173 young (177152K), 21 survivors (21504K)
 Metaspace       used 195118K, committed 198336K, reserved 622592K
  class space    used 25608K, committed 27200K, reserved 425984K
}
Event: 579.495 GC heap after
{Heap after GC invocations=82 (full 0):
 garbage-first heap   total 490496K, used 313344K [0x0000000080000000, 0x0000000100000000)
  region size 1024K, 23 young (23552K), 23 survivors (23552K)
 Metaspace       used 195118K, committed 198336K, reserved 622592K
  class space    used 25608K, committed 27200K, reserved 425984K
}

