# JRE version: OpenJDK Runtime Environment Temurin-21.0.10+7 (21.0.10+7) (build 21.0.10+7-LTS)
# Java VM: OpenJDK 64-Bit Server VM Temurin-21.0.10+7 (21.0.10+7-LTS, mixed mode, sharing, tiered, compressed oops, compressed class ptrs, g1 gc, windows-amd64)
GC Precious Log:
 CardTable entry size: 512
 Card Set container configuration: InlinePtr #cards 4 size 8 Array Of Cards #cards 16 size 48 Howl #buckets 8 coarsen threshold 3686 Howl Bitmap #cards 512 size 80 coarsen threshold 460 Card regions per heap region 1 cards per card region 4096
 CPUs: 8 total, 8 available
 Memory: 8030M
 Large Page Support: Disabled
 NUMA Support: Disabled
 Compressed Oops: Enabled (Zero based)
 Heap Region Size: 2M
 Heap Min Capacity: 8M
 Heap Initial Capacity: 126M
 Heap Max Capacity: 4G
 Pre-touch: Disabled
 Parallel Workers: 8
 Concurrent Workers: 2
 Concurrent Refinement Workers: 8
 Periodic GC: Disabled
Heap:
 garbage-first heap   total 356352K, used 223892K [0x0000000700000000, 0x0000000800000000)
  region size 2048K, 27 young (55296K), 4 survivors (8192K)
 Metaspace       used 90260K, committed 92416K, reserved 557056K
  class space    used 12701K, committed 13760K, reserved 425984K
GC Heap History (20 events):
Event: 114.663 GC heap before
{Heap before GC invocations=51 (full 0):
 garbage-first heap   total 270336K, used 252244K [0x0000000700000000, 0x0000000800000000)
  region size 2048K, 66 young (135168K), 6 survivors (12288K)
 Metaspace       used 89136K, committed 91200K, reserved 557056K
  class space    used 12598K, committed 13632K, reserved 425984K
}
Event: 114.678 GC heap after
{Heap after GC invocations=52 (full 0):
 garbage-first heap   total 272384K, used 131572K [0x0000000700000000, 0x0000000800000000)
  region size 2048K, 6 young (12288K), 6 survivors (12288K)
 Metaspace       used 89136K, committed 91200K, reserved 557056K
  class space    used 12598K, committed 13632K, reserved 425984K
}
Event: 115.674 GC heap before
{Heap before GC invocations=52 (full 0):
 garbage-first heap   total 272384K, used 254452K [0x0000000700000000, 0x0000000800000000)
  region size 2048K, 66 young (135168K), 6 survivors (12288K)
 Metaspace       used 89151K, committed 91264K, reserved 557056K
  class space    used 12598K, committed 13632K, reserved 425984K
}
Event: 115.685 GC heap after
{Heap after GC invocations=53 (full 0):
 garbage-first heap   total 272384K, used 135790K [0x0000000700000000, 0x0000000800000000)
  region size 2048K, 6 young (12288K), 6 survivors (12288K)
 Metaspace       used 89151K, committed 91264K, reserved 557056K
  class space    used 12598K, committed 13632K, reserved 425984K
}
Event: 117.172 GC heap before
{Heap before GC invocations=54 (full 0):
 garbage-first heap   total 272384K, used 254574K [0x0000000700000000, 0x0000000800000000)
  region size 2048K, 64 young (131072K), 6 survivors (12288K)
 Metaspace       used 89162K, committed 91264K, reserved 557056K
  class space    used 12598K, committed 13632K, reserved 425984K
}
Event: 117.184 GC heap after
{Heap after GC invocations=55 (full 0):
 garbage-first heap   total 272384K, used 137864K [0x0000000700000000, 0x0000000800000000)
  region size 2048K, 5 young (10240K), 5 survivors (10240K)
 Metaspace       used 89162K, committed 91264K, reserved 557056K
  class space    used 12598K, committed 13632K, reserved 425984K
}
Event: 118.658 GC heap before
{Heap before GC invocations=55 (full 0):
 garbage-first heap   total 272384K, used 252552K [0x0000000700000000, 0x0000000800000000)
  region size 2048K, 62 young (126976K), 5 survivors (10240K)
 Metaspace       used 89235K, committed 91328K, reserved 557056K
  class space    used 12605K, committed 13632K, reserved 425984K
}
Event: 118.672 GC heap after
{Heap after GC invocations=56 (full 0):
 garbage-first heap   total 327680K, used 137158K [0x0000000700000000, 0x0000000800000000)
  region size 2048K, 5 young (10240K), 5 survivors (10240K)
 Metaspace       used 89235K, committed 91328K, reserved 557056K
  class space    used 12605K, committed 13632K, reserved 425984K
}
Event: 121.828 GC heap before
{Heap before GC invocations=56 (full 0):
 garbage-first heap   total 327680K, used 311238K [0x0000000700000000, 0x0000000800000000)
  region size 2048K, 90 young (184320K), 5 survivors (10240K)
 Metaspace       used 90001K, committed 92160K, reserved 557056K
  class space    used 12696K, committed 13760K, reserved 425984K
}
Event: 121.895 GC heap after
{Heap after GC invocations=57 (full 0):
 garbage-first heap   total 356352K, used 172032K [0x0000000700000000, 0x0000000800000000)
  region size 2048K, 12 young (24576K), 12 survivors (24576K)
 Metaspace       used 90001K, committed 92160K, reserved 557056K
  class space    used 12696K, committed 13760K, reserved 425984K
}
Event: 123.850 GC heap before
{Heap before GC invocations=57 (full 0):
 garbage-first heap   total 356352K, used 309248K [0x0000000700000000, 0x0000000800000000)
  region size 2048K, 79 young (161792K), 12 survivors (24576K)
 Metaspace       used 90160K, committed 92288K, reserved 557056K
  class space    used 12697K, committed 13760K, reserved 425984K
}
Event: 123.887 GC heap after
{Heap after GC invocations=58 (full 0):
 garbage-first heap   total 356352K, used 179251K [0x0000000700000000, 0x0000000800000000)
  region size 2048K, 2 young (4096K), 2 survivors (4096K)
 Metaspace       used 90160K, committed 92288K, reserved 557056K
  class space    used 12697K, committed 13760K, reserved 425984K
}
Event: 125.446 GC heap before
{Heap before GC invocations=58 (full 0):
 garbage-first heap   total 356352K, used 318515K [0x0000000700000000, 0x0000000800000000)
  region size 2048K, 70 young (143360K), 2 survivors (4096K)
 Metaspace       used 90185K, committed 92288K, reserved 557056K
  class space    used 12698K, committed 13760K, reserved 425984K
}
Event: 125.453 GC heap after
{Heap after GC invocations=59 (full 0):
 garbage-first heap   total 356352K, used 178355K [0x0000000700000000, 0x0000000800000000)
  region size 2048K, 2 young (4096K), 2 survivors (4096K)
 Metaspace       used 90185K, committed 92288K, reserved 557056K
  class space    used 12698K, committed 13760K, reserved 425984K
}
Event: 127.456 GC heap before
{Heap before GC invocations=60 (full 0):
 garbage-first heap   total 356352K, used 321715K [0x0000000700000000, 0x0000000800000000)
  region size 2048K, 73 young (149504K), 2 survivors (4096K)
 Metaspace       used 90227K, committed 92352K, reserved 557056K
  class space    used 12700K, committed 13760K, reserved 425984K
}
Event: 127.471 GC heap after
{Heap after GC invocations=61 (full 0):
 garbage-first heap   total 356352K, used 181004K [0x0000000700000000, 0x0000000800000000)
  region size 2048K, 3 young (6144K), 3 survivors (6144K)
 Metaspace       used 90227K, committed 92352K, reserved 557056K
  class space    used 12700K, committed 13760K, reserved 425984K
}
Event: 128.416 GC heap before
{Heap before GC invocations=61 (full 0):
 garbage-first heap   total 356352K, used 326412K [0x0000000700000000, 0x0000000800000000)
  region size 2048K, 75 young (153600K), 3 survivors (6144K)
 Metaspace       used 90251K, committed 92416K, reserved 557056K
  class space    used 12700K, committed 13760K, reserved 425984K
}
Event: 128.431 GC heap after
{Heap after GC invocations=62 (full 0):
 garbage-first heap   total 356352K, used 179469K [0x0000000700000000, 0x0000000800000000)
  region size 2048K, 4 young (8192K), 4 survivors (8192K)
 Metaspace       used 90251K, committed 92416K, reserved 557056K
  class space    used 12700K, committed 13760K, reserved 425984K
}
Event: 129.663 GC heap before
{Heap before GC invocations=62 (full 0):
 garbage-first heap   total 356352K, used 331021K [0x0000000700000000, 0x0000000800000000)
  region size 2048K, 79 young (161792K), 4 survivors (8192K)
 Metaspace       used 90257K, committed 92416K, reserved 557056K
  class space    used 12701K, committed 13760K, reserved 425984K
}
Event: 129.678 GC heap after
{Heap after GC invocations=63 (full 0):
 garbage-first heap   total 356352K, used 180884K [0x0000000700000000, 0x0000000800000000)
  region size 2048K, 4 young (8192K), 4 survivors (8192K)
 Metaspace       used 90257K, committed 92416K, reserved 557056K
  class space    used 12701K, committed 13760K, reserved 425984K
}

